[0608/214229:ERROR:process_info.cc(608)] range at 0xfffde000, size 0x230 fully unreadable
[0608/214230:ERROR:process_reader_win.cc(232)] ReadMemory at 0xfffde000 of 560 bytes failed: Only part of a ReadProcessMemory or WriteProcessMemory request was completed. (0x12B)
[0608/214230:ERROR:process_snapshot_win.cc(342)] ReadMemory PEB
[0608/214230:ERROR:process_reader_win.cc(232)] ReadMemory at 0x1150000 of 64 bytes failed: Only part of a ReadProcessMemory or WriteProcessMemory request was completed. (0x12B)
[0608/214230:WARNING:pe_image_reader.cc(280)] could not read dos header from C:\Program Files (x86)\Google\Chrome\Application\chrome.exe
[0608/214230:ERROR:process_reader_win.cc(232)] ReadMemory at 0x77050000 of 64 bytes failed: Only part of a ReadProcessMemory or WriteProcessMemory request was completed. (0x12B)
[0608/214230:WARNING:pe_image_reader.cc(280)] could not read dos header from C:\Windows\SysWOW64\ntdll.dll
[0608/214230:ERROR:process_reader_win.cc(232)] ReadMemory at 0x735b0000 of 64 bytes failed: Only part of a ReadProcessMemory or WriteProcessMemory request was completed. (0x12B)
[0608/214230:WARNING:pe_image_reader.cc(280)] could not read dos header from C:\Program Files (x86)\AVG\Av\avghookx.dll
[0608/214230:ERROR:process_reader_win.cc(232)] ReadMemory at 0x755b0000 of 64 bytes failed: Only part of a ReadProcessMemory or WriteProcessMemory request was completed. (0x12B)
[0608/214230:WARNING:pe_image_reader.cc(280)] could not read dos header from C:\Windows\syswow64\KERNELBASE.dll
[0608/214230:ERROR:process_reader_win.cc(232)] ReadMemory at 0x74f40000 of 64 bytes failed: Only part of a ReadProcessMemory or WriteProcessMemory request was completed. (0x12B)
[0608/214230:WARNING:pe_image_reader.cc(280)] could not read dos header from C:\Windows\syswow64\kernel32.dll
[0608/214230:ERROR:process_reader_win.cc(232)] ReadMemory at 0x75500000 of 64 bytes failed: Only part of a ReadProcessMemory or WriteProcessMemory request was completed. (0x12B)
[0608/214230:WARNING:pe_image_reader.cc(280)] could not read dos header from C:\Windows\syswow64\msvcrt.dll
[0608/214230:ERROR:process_reader_win.cc(232)] ReadMemory at 0x74ba0000 of 64 bytes failed: Only part of a ReadProcessMemory or WriteProcessMemory request was completed. (0x12B)
[0608/214230:WARNING:pe_image_reader.cc(280)] could not read dos header from C:\Windows\syswow64\CRYPTBASE.dll
[0608/214230:ERROR:process_reader_win.cc(232)] ReadMemory at 0x74bb0000 of 64 bytes failed: Only part of a ReadProcessMemory or WriteProcessMemory request was completed. (0x12B)
[0608/214230:WARNING:pe_image_reader.cc(280)] could not read dos header from C:\Windows\syswow64\SspiCli.dll
[0608/214230:ERROR:process_reader_win.cc(232)] ReadMemory at 0x75940000 of 64 bytes failed: Only part of a ReadProcessMemory or WriteProcessMemory request was completed. (0x12B)
[0608/214230:WARNING:pe_image_reader.cc(280)] could not read dos header from C:\Windows\syswow64\RPCRT4.dll
[0608/214230:ERROR:process_reader_win.cc(232)] ReadMemory at 0x75ec0000 of 64 bytes failed: Only part of a ReadProcessMemory or WriteProcessMemory request was completed. (0x12B)
[0608/214230:WARNING:pe_image_reader.cc(280)] could not read dos header from C:\Windows\SysWOW64\sechost.dll
[0608/214230:ERROR:process_reader_win.cc(232)] ReadMemory at 0x758a0000 of 64 bytes failed: Only part of a ReadProcessMemory or WriteProcessMemory request was completed. (0x12B)
[0608/214230:WARNING:pe_image_reader.cc(280)] could not read dos header from C:\Windows\syswow64\ADVAPI32.dll
[0608/214230:ERROR:process_reader_win.cc(232)] ReadMemory at 0x736e0000 of 64 bytes failed: Only part of a ReadProcessMemory or WriteProcessMemory request was completed. (0x12B)
[0608/214230:WARNING:pe_image_reader.cc(280)] could not read dos header from C:\Program Files (x86)\Google\Chrome\Application\50.0.2661.102\chrome_elf.dll
[0608/214230:ERROR:process_reader_win.cc(232)] ReadMemory at 0x74ad0000 of 64 bytes failed: Only part of a ReadProcessMemory or WriteProcessMemory request was completed. (0x12B)
[0608/214230:WARNING:pe_image_reader.cc(280)] could not read dos header from C:\Windows\system32\VERSION.dll
[0608/214230:ERROR:process_reader_win.cc(232)] ReadMemory at 0x74d10000 of 64 bytes failed: Only part of a ReadProcessMemory or WriteProcessMemory request was completed. (0x12B)
[0608/214230:WARNING:pe_image_reader.cc(280)] could not read dos header from C:\Windows\syswow64\USP10.dll
[0608/214230:ERROR:process_reader_win.cc(232)] ReadMemory at 0x75f10000 of 64 bytes failed: Only part of a ReadProcessMemory or WriteProcessMemory request was completed. (0x12B)
[0608/214230:WARNING:pe_image_reader.cc(280)] could not read dos header from C:\Windows\syswow64\LPK.dll
[0608/214230:ERROR:process_reader_win.cc(232)] ReadMemory at 0x75240000 of 64 bytes failed: Only part of a ReadProcessMemory or WriteProcessMemory request was completed. (0x12B)
[0608/214230:WARNING:pe_image_reader.cc(280)] could not read dos header from C:\Windows\syswow64\GDI32.dll
[0608/214230:ERROR:process_reader_win.cc(232)] ReadMemory at 0x74c10000 of 64 bytes failed: Only part of a ReadProcessMemory or WriteProcessMemory request was completed. (0x12B)
[0608/214230:WARNING:pe_image_reader.cc(280)] could not read dos header from C:\Windows\syswow64\USER32.dll
[0608/214230:ERROR:process_reader_win.cc(232)] ReadMemory at 0x70e40000 of 64 bytes failed: Only part of a ReadProcessMemory or WriteProcessMemory request was completed. (0x12B)
[0608/214230:WARNING:pe_image_reader.cc(280)] could not read dos header from C:\Windows\system32\WINMM.dll
[0608/214230:ERROR:process_reader_win.cc(232)] ReadMemory at 0x746d0000 of 64 bytes failed: Only part of a ReadProcessMemory or WriteProcessMemory request was completed. (0x12B)
[0608/214230:WARNING:pe_image_reader.cc(280)] could not read dos header from C:\Windows\system32\profapi.dll
[0608/214230:ERROR:process_reader_win.cc(232)] ReadMemory at 0x6f540000 of 64 bytes failed: Only part of a ReadProcessMemory or WriteProcessMemory request was completed. (0x12B)
[0608/214230:WARNING:pe_image_reader.cc(280)] could not read dos header from C:\Windows\system32\USERENV.dll
[0608/214230:ERROR:process_reader_win.cc(232)] ReadMemory at 0x6dea0000 of 64 bytes failed: Only part of a ReadProcessMemory or WriteProcessMemory request was completed. (0x12B)
[0608/214230:WARNING:pe_image_reader.cc(280)] could not read dos header from C:\Windows\system32\WTSAPI32.dll
[0608/214230:ERROR:process_reader_win.cc(232)] ReadMemory at 0x6de50000 of 64 bytes failed: Only part of a ReadProcessMemory or WriteProcessMemory request was completed. (0x12B)
[0608/214230:WARNING:pe_image_reader.cc(280)] could not read dos header from C:\Windows\system32\webio.dll
[0608/214230:ERROR:process_reader_win.cc(232)] ReadMemory at 0x6bf60000 of 64 bytes failed: Only part of a ReadProcessMemory or WriteProcessMemory request was completed. (0x12B)
[0608/214230:WARNING:pe_image_reader.cc(280)] could not read dos header from C:\Windows\system32\WINHTTP.dll
[0608/214230:ERROR:process_reader_win.cc(232)] ReadMemory at 0x75600000 of 64 bytes failed: Only part of a ReadProcessMemory or WriteProcessMemory request was completed. (0x12B)
[0608/214230:WARNING:pe_image_reader.cc(280)] could not read dos header from C:\Windows\syswow64\MSCTF.dll
[0608/214230:ERROR:process_reader_win.cc(232)] ReadMemory at 0x75a30000 of 64 bytes failed: Only part of a ReadProcessMemory or WriteProcessMemory request was completed. (0x12B)
[0608/214230:WARNING:pe_image_reader.cc(280)] could not read dos header from C:\Windows\system32\IMM32.DLL
[0608/214230:ERROR:process_reader_win.cc(232)] ReadMemory at 0x75e60000 of 64 bytes failed: Only part of a ReadProcessMemory or WriteProcessMemory request was completed. (0x12B)
[0608/214230:WARNING:pe_image_reader.cc(280)] could not read dos header from C:\Windows\syswow64\SHLWAPI.dll
[0608/214230:ERROR:process_reader_win.cc(232)] ReadMemory at 0x75f20000 of 64 bytes failed: Only part of a ReadProcessMemory or WriteProcessMemory request was completed. (0x12B)
[0608/214230:WARNING:pe_image_reader.cc(280)] could not read dos header from C:\Windows\syswow64\SHELL32.dll
[0608/214230:ERROR:process_reader_win.cc(232)] ReadMemory at 0x75220000 of 64 bytes failed: Only part of a ReadProcessMemory or WriteProcessMemory request was completed. (0x12B)
[0608/214230:WARNING:pe_image_reader.cc(280)] could not read dos header from C:\Windows\syswow64\PSAPI.DLL
[0608/214230:ERROR:process_reader_win.cc(232)] ReadMemory at 0x6a920000 of 64 bytes failed: Only part of a ReadProcessMemory or WriteProcessMemory request was completed. (0x12B)
[0608/214230:WARNING:pe_image_reader.cc(280)] could not read dos header from C:\Windows\system32\WINSPOOL.DRV
[0608/214230:ERROR:process_reader_win.cc(232)] ReadMemory at 0x746e0000 of 64 bytes failed: Only part of a ReadProcessMemory or WriteProcessMemory request was completed. (0x12B)
[0608/214230:WARNING:pe_image_reader.cc(280)] could not read dos header from C:\Windows\WinSxS\x86_microsoft.windows.common-controls_6595b64144ccf1df_6.0.7601.17514_none_41e6975e2bd6f2b2\COMCTL32.dll
[0608/214230:ERROR:process_reader_win.cc(232)] ReadMemory at 0x752d0000 of 64 bytes failed: Only part of a ReadProcessMemory or WriteProcessMemory request was completed. (0x12B)
[0608/214230:WARNING:pe_image_reader.cc(280)] could not read dos header from C:\Windows\syswow64\COMDLG32.dll
[0608/214230:ERROR:process_reader_win.cc(232)] ReadMemory at 0x74db0000 of 64 bytes failed: Only part of a ReadProcessMemory or WriteProcessMemory request was completed. (0x12B)
[0608/214230:WARNING:pe_image_reader.cc(280)] could not read dos header from C:\Windows\syswow64\ole32.dll
[0608/214230:ERROR:process_reader_win.cc(232)] ReadMemory at 0x75190000 of 64 bytes failed: Only part of a ReadProcessMemory or WriteProcessMemory request was completed. (0x12B)
[0608/214230:WARNING:pe_image_reader.cc(280)] could not read dos header from C:\Windows\syswow64\OLEAUT32.dll
[0608/214230:ERROR:process_reader_win.cc(232)] ReadMemory at 0x75890000 of 64 bytes failed: Only part of a ReadProcessMemory or WriteProcessMemory request was completed. (0x12B)
[0608/214230:WARNING:pe_image_reader.cc(280)] could not read dos header from C:\Windows\syswow64\NSI.dll
[0608/214230:ERROR:process_reader_win.cc(232)] ReadMemory at 0x74620000 of 64 bytes failed: Only part of a ReadProcessMemory or WriteProcessMemory request was completed. (0x12B)
[0608/214230:WARNING:pe_image_reader.cc(280)] could not read dos header from C:\Windows\system32\WINNSI.DLL
[0608/214230:ERROR:process_reader_win.cc(232)] ReadMemory at 0x74630000 of 64 bytes failed: Only part of a ReadProcessMemory or WriteProcessMemory request was completed. (0x12B)
[0608/214230:WARNING:pe_image_reader.cc(280)] could not read dos header from C:\Windows\system32\IPHLPAPI.DLL
[0608/214230:ERROR:process_reader_win.cc(232)] ReadMemory at 0x75d20000 of 64 bytes failed: Only part of a ReadProcessMemory or WriteProcessMemory request was completed. (0x12B)
[0608/214230:WARNING:pe_image_reader.cc(280)] could not read dos header from C:\Windows\syswow64\WS2_32.dll
[0608/214230:ERROR:process_reader_win.cc(232)] ReadMemory at 0x75230000 of 64 bytes failed: Only part of a ReadProcessMemory or WriteProcessMemory request was completed. (0x12B)
[0608/214230:WARNING:pe_image_reader.cc(280)] could not read dos header from C:\Windows\syswow64\MSASN1.dll
[0608/214230:ERROR:process_reader_win.cc(232)] ReadMemory at 0x75380000 of 64 bytes failed: Only part of a ReadProcessMemory or WriteProcessMemory request was completed. (0x12B)
[0608/214230:WARNING:pe_image_reader.cc(280)] could not read dos header from C:\Windows\syswow64\CRYPT32.dll
[0608/214230:ERROR:process_reader_win.cc(232)] ReadMemory at 0x74f10000 of 64 bytes failed: Only part of a ReadProcessMemory or WriteProcessMemory request was completed. (0x12B)
[0608/214230:WARNING:pe_image_reader.cc(280)] could not read dos header from C:\Windows\syswow64\WINTRUST.dll
[0608/214230:ERROR:process_reader_win.cc(232)] ReadMemory at 0x71a30000 of 64 bytes failed: Only part of a ReadProcessMemory or WriteProcessMemory request was completed. (0x12B)
[0608/214230:WARNING:pe_image_reader.cc(280)] could not read dos header from C:\Windows\system32\Secur32.dll
[0608/214230:ERROR:process_reader_win.cc(232)] ReadMemory at 0x5ae50000 of 64 bytes failed: Only part of a ReadProcessMemory or WriteProcessMemory request was completed. (0x12B)
[0608/214230:WARNING:pe_image_reader.cc(280)] could not read dos header from C:\Program Files (x86)\Google\Chrome\Application\50.0.2661.102\chrome_child.dll
[0608/214230:ERROR:process_reader_win.cc(232)] ReadMemory at 0x6b330000 of 64 bytes failed: Only part of a ReadProcessMemory or WriteProcessMemory request was completed. (0x12B)
[0608/214230:WARNING:pe_image_reader.cc(280)] could not read dos header from C:\Windows\system32\dwrite.dll
[0608/214230:ERROR:process_reader_win.cc(232)] ReadMemory at 0x77155100 of 5888 bytes failed: Only part of a ReadProcessMemory or WriteProcessMemory request was completed. (0x12B)
[0608/214230:ERROR:process_reader_win.cc(232)] ReadMemory at 0x1150000 of 64 bytes failed: Only part of a ReadProcessMemory or WriteProcessMemory request was completed. (0x12B)
[0608/214230:WARNING:pe_image_reader.cc(280)] could not read dos header from C:\Program Files (x86)\Google\Chrome\Application\chrome.exe
[0608/214230:ERROR:process_reader_win.cc(232)] ReadMemory at 0x77050000 of 64 bytes failed: Only part of a ReadProcessMemory or WriteProcessMemory request was completed. (0x12B)
[0608/214230:WARNING:pe_image_reader.cc(280)] could not read dos header from C:\Windows\SysWOW64\ntdll.dll
[0608/214230:ERROR:process_reader_win.cc(232)] ReadMemory at 0x735b0000 of 64 bytes failed: Only part of a ReadProcessMemory or WriteProcessMemory request was completed. (0x12B)
[0608/214230:WARNING:pe_image_reader.cc(280)] could not read dos header from C:\Program Files (x86)\AVG\Av\avghookx.dll
[0608/214230:ERROR:process_reader_win.cc(232)] ReadMemory at 0x755b0000 of 64 bytes failed: Only part of a ReadProcessMemory or WriteProcessMemory request was completed. (0x12B)
[0608/214230:WARNING:pe_image_reader.cc(280)] could not read dos header from C:\Windows\syswow64\KERNELBASE.dll
[0608/214230:ERROR:process_reader_win.cc(232)] ReadMemory at 0x74f40000 of 64 bytes failed: Only part of a ReadProcessMemory or WriteProcessMemory request was completed. (0x12B)
[0608/214230:WARNING:pe_image_reader.cc(280)] could not read dos header from C:\Windows\syswow64\kernel32.dll
[0608/214230:ERROR:process_reader_win.cc(232)] ReadMemory at 0x75500000 of 64 bytes failed: Only part of a ReadProcessMemory or WriteProcessMemory request was completed. (0x12B)
[0608/214230:WARNING:pe_image_reader.cc(280)] could not read dos header from C:\Windows\syswow64\msvcrt.dll
[0608/214230:ERROR:process_reader_win.cc(232)] ReadMemory at 0x74ba0000 of 64 bytes failed: Only part of a ReadProcessMemory or WriteProcessMemory request was completed. (0x12B)
[0608/214230:WARNING:pe_image_reader.cc(280)] could not read dos header from C:\Windows\syswow64\CRYPTBASE.dll
[0608/214230:ERROR:process_reader_win.cc(232)] ReadMemory at 0x74bb0000 of 64 bytes failed: Only part of a ReadProcessMemory or WriteProcessMemory request was completed. (0x12B)
[0608/214230:WARNING:pe_image_reader.cc(280)] could not read dos header from C:\Windows\syswow64\SspiCli.dll
[0608/214230:ERROR:process_reader_win.cc(232)] ReadMemory at 0x75940000 of 64 bytes failed: Only part of a ReadProcessMemory or WriteProcessMemory request was completed. (0x12B)
[0608/214230:WARNING:pe_image_reader.cc(280)] could not read dos header from C:\Windows\syswow64\RPCRT4.dll
[0608/214230:ERROR:process_reader_win.cc(232)] ReadMemory at 0x75ec0000 of 64 bytes failed: Only part of a ReadProcessMemory or WriteProcessMemory request was completed. (0x12B)
[0608/214230:WARNING:pe_image_reader.cc(280)] could not read dos header from C:\Windows\SysWOW64\sechost.dll
[0608/214230:ERROR:process_reader_win.cc(232)] ReadMemory at 0x758a0000 of 64 bytes failed: Only part of a ReadProcessMemory or WriteProcessMemory request was completed. (0x12B)
[0608/214230:WARNING:pe_image_reader.cc(280)] could not read dos header from C:\Windows\syswow64\ADVAPI32.dll
[0608/214230:ERROR:process_reader_win.cc(232)] ReadMemory at 0x736e0000 of 64 bytes failed: Only part of a ReadProcessMemory or WriteProcessMemory request was completed. (0x12B)
[0608/214230:WARNING:pe_image_reader.cc(280)] could not read dos header from C:\Program Files (x86)\Google\Chrome\Application\50.0.2661.102\chrome_elf.dll
[0608/214230:ERROR:process_reader_win.cc(232)] ReadMemory at 0x74ad0000 of 64 bytes failed: Only part of a ReadProcessMemory or WriteProcessMemory request was completed. (0x12B)
[0608/214230:WARNING:pe_image_reader.cc(280)] could not read dos header from C:\Windows\system32\VERSION.dll
[0608/214230:ERROR:process_reader_win.cc(232)] ReadMemory at 0x74d10000 of 64 bytes failed: Only part of a ReadProcessMemory or WriteProcessMemory request was completed. (0x12B)
[0608/214230:WARNING:pe_image_reader.cc(280)] could not read dos header from C:\Windows\syswow64\USP10.dll
[0608/214230:ERROR:process_reader_win.cc(232)] ReadMemory at 0x75f10000 of 64 bytes failed: Only part of a ReadProcessMemory or WriteProcessMemory request was completed. (0x12B)
[0608/214230:WARNING:pe_image_reader.cc(280)] could not read dos header from C:\Windows\syswow64\LPK.dll
[0608/214230:ERROR:process_reader_win.cc(232)] ReadMemory at 0x75240000 of 64 bytes failed: Only part of a ReadProcessMemory or WriteProcessMemory request was completed. (0x12B)
[0608/214230:WARNING:pe_image_reader.cc(280)] could not read dos header from C:\Windows\syswow64\GDI32.dll
[0608/214230:ERROR:process_reader_win.cc(232)] ReadMemory at 0x74c10000 of 64 bytes failed: Only part of a ReadProcessMemory or WriteProcessMemory request was completed. (0x12B)
[0608/214230:WARNING:pe_image_reader.cc(280)] could not read dos header from C:\Windows\syswow64\USER32.dll
[0608/214230:ERROR:process_reader_win.cc(232)] ReadMemory at 0x70e40000 of 64 bytes failed: Only part of a ReadProcessMemory or WriteProcessMemory request was completed. (0x12B)
[0608/214230:WARNING:pe_image_reader.cc(280)] could not read dos header from C:\Windows\system32\WINMM.dll
[0608/214230:ERROR:process_reader_win.cc(232)] ReadMemory at 0x746d0000 of 64 bytes failed: Only part of a ReadProcessMemory or WriteProcessMemory request was completed. (0x12B)
[0608/214230:WARNING:pe_image_reader.cc(280)] could not read dos header from C:\Windows\system32\profapi.dll
[0608/214230:ERROR:process_reader_win.cc(232)] ReadMemory at 0x6f540000 of 64 bytes failed: Only part of a ReadProcessMemory or WriteProcessMemory request was completed. (0x12B)
[0608/214230:WARNING:pe_image_reader.cc(280)] could not read dos header from C:\Windows\system32\USERENV.dll
[0608/214230:ERROR:process_reader_win.cc(232)] ReadMemory at 0x6dea0000 of 64 bytes failed: Only part of a ReadProcessMemory or WriteProcessMemory request was completed. (0x12B)
[0608/214230:WARNING:pe_image_reader.cc(280)] could not read dos header from C:\Windows\system32\WTSAPI32.dll
[0608/214230:ERROR:process_reader_win.cc(232)] ReadMemory at 0x6de50000 of 64 bytes failed: Only part of a ReadProcessMemory or WriteProcessMemory request was completed. (0x12B)
[0608/214230:WARNING:pe_image_reader.cc(280)] could not read dos header from C:\Windows\system32\webio.dll
[0608/214230:ERROR:process_reader_win.cc(232)] ReadMemory at 0x6bf60000 of 64 bytes failed: Only part of a ReadProcessMemory or WriteProcessMemory request was completed. (0x12B)
[0608/214230:WARNING:pe_image_reader.cc(280)] could not read dos header from C:\Windows\system32\WINHTTP.dll
[0608/214230:ERROR:process_reader_win.cc(232)] ReadMemory at 0x75600000 of 64 bytes failed: Only part of a ReadProcessMemory or WriteProcessMemory request was completed. (0x12B)
[0608/214230:WARNING:pe_image_reader.cc(280)] could not read dos header from C:\Windows\syswow64\MSCTF.dll
[0608/214230:ERROR:process_reader_win.cc(232)] ReadMemory at 0x75a30000 of 64 bytes failed: Only part of a ReadProcessMemory or WriteProcessMemory request was completed. (0x12B)
[0608/214230:WARNING:pe_image_reader.cc(280)] could not read dos header from C:\Windows\system32\IMM32.DLL
[0608/214230:ERROR:process_reader_win.cc(232)] ReadMemory at 0x75e60000 of 64 bytes failed: Only part of a ReadProcessMemory or WriteProcessMemory request was completed. (0x12B)
[0608/214230:WARNING:pe_image_reader.cc(280)] could not read dos header from C:\Windows\syswow64\SHLWAPI.dll
[0608/214230:ERROR:process_reader_win.cc(232)] ReadMemory at 0x75f20000 of 64 bytes failed: Only part of a ReadProcessMemory or WriteProcessMemory request was completed. (0x12B)
[0608/214230:WARNING:pe_image_reader.cc(280)] could not read dos header from C:\Windows\syswow64\SHELL32.dll
[0608/214230:ERROR:process_reader_win.cc(232)] ReadMemory at 0x75220000 of 64 bytes failed: Only part of a ReadProcessMemory or WriteProcessMemory request was completed. (0x12B)
[0608/214230:WARNING:pe_image_reader.cc(280)] could not read dos header from C:\Windows\syswow64\PSAPI.DLL
[0608/214230:ERROR:process_reader_win.cc(232)] ReadMemory at 0x6a920000 of 64 bytes failed: Only part of a ReadProcessMemory or WriteProcessMemory request was completed. (0x12B)
[0608/214230:WARNING:pe_image_reader.cc(280)] could not read dos header from C:\Windows\system32\WINSPOOL.DRV
[0608/214230:ERROR:process_reader_win.cc(232)] ReadMemory at 0x746e0000 of 64 bytes failed: Only part of a ReadProcessMemory or WriteProcessMemory request was completed. (0x12B)
[0608/214230:WARNING:pe_image_reader.cc(280)] could not read dos header from C:\Windows\WinSxS\x86_microsoft.windows.common-controls_6595b64144ccf1df_6.0.7601.17514_none_41e6975e2bd6f2b2\COMCTL32.dll
[0608/214230:ERROR:process_reader_win.cc(232)] ReadMemory at 0x752d0000 of 64 bytes failed: Only part of a ReadProcessMemory or WriteProcessMemory request was completed. (0x12B)
[0608/214230:WARNING:pe_image_reader.cc(280)] could not read dos header from C:\Windows\syswow64\COMDLG32.dll
[0608/214230:ERROR:process_reader_win.cc(232)] ReadMemory at 0x74db0000 of 64 bytes failed: Only part of a ReadProcessMemory or WriteProcessMemory request was completed. (0x12B)
[0608/214230:WARNING:pe_image_reader.cc(280)] could not read dos header from C:\Windows\syswow64\ole32.dll
[0608/214230:ERROR:process_reader_win.cc(232)] ReadMemory at 0x75190000 of 64 bytes failed: Only part of a ReadProcessMemory or WriteProcessMemory request was completed. (0x12B)
[0608/214230:WARNING:pe_image_reader.cc(280)] could not read dos header from C:\Windows\syswow64\OLEAUT32.dll
[0608/214230:ERROR:process_reader_win.cc(232)] ReadMemory at 0x75890000 of 64 bytes failed: Only part of a ReadProcessMemory or WriteProcessMemory request was completed. (0x12B)
[0608/214230:WARNING:pe_image_reader.cc(280)] could not read dos header from C:\Windows\syswow64\NSI.dll
[0608/214230:ERROR:process_reader_win.cc(232)] ReadMemory at 0x74620000 of 64 bytes failed: Only part of a ReadProcessMemory or WriteProcessMemory request was completed. (0x12B)
[0608/214230:WARNING:pe_image_reader.cc(280)] could not read dos header from C:\Windows\system32\WINNSI.DLL
[0608/214230:ERROR:process_reader_win.cc(232)] ReadMemory at 0x74630000 of 64 bytes failed: Only part of a ReadProcessMemory or WriteProcessMemory request was completed. (0x12B)
[0608/214230:WARNING:pe_image_reader.cc(280)] could not read dos header from C:\Windows\system32\IPHLPAPI.DLL
[0608/214230:ERROR:process_reader_win.cc(232)] ReadMemory at 0x75d20000 of 64 bytes failed: Only part of a ReadProcessMemory or WriteProcessMemory request was completed. (0x12B)
[0608/214230:WARNING:pe_image_reader.cc(280)] could not read dos header from C:\Windows\syswow64\WS2_32.dll
[0608/214230:ERROR:process_reader_win.cc(232)] ReadMemory at 0x75230000 of 64 bytes failed: Only part of a ReadProcessMemory or WriteProcessMemory request was completed. (0x12B)
[0608/214230:WARNING:pe_image_reader.cc(280)] could not read dos header from C:\Windows\syswow64\MSASN1.dll
[0608/214230:ERROR:process_reader_win.cc(232)] ReadMemory at 0x75380000 of 64 bytes failed: Only part of a ReadProcessMemory or WriteProcessMemory request was completed. (0x12B)
[0608/214230:WARNING:pe_image_reader.cc(280)] could not read dos header from C:\Windows\syswow64\CRYPT32.dll
[0608/214230:ERROR:process_reader_win.cc(232)] ReadMemory at 0x74f10000 of 64 bytes failed: Only part of a ReadProcessMemory or WriteProcessMemory request was completed. (0x12B)
[0608/214230:WARNING:pe_image_reader.cc(280)] could not read dos header from C:\Windows\syswow64\WINTRUST.dll
[0608/214230:ERROR:process_reader_win.cc(232)] ReadMemory at 0x71a30000 of 64 bytes failed: Only part of a ReadProcessMemory or WriteProcessMemory request was completed. (0x12B)
[0608/214230:WARNING:pe_image_reader.cc(280)] could not read dos header from C:\Windows\system32\Secur32.dll
[0608/214230:ERROR:process_reader_win.cc(232)] ReadMemory at 0x5ae50000 of 64 bytes failed: Only part of a ReadProcessMemory or WriteProcessMemory request was completed. (0x12B)
[0608/214230:WARNING:pe_image_reader.cc(280)] could not read dos header from C:\Program Files (x86)\Google\Chrome\Application\50.0.2661.102\chrome_child.dll
[0608/214230:ERROR:process_reader_win.cc(232)] ReadMemory at 0x6b330000 of 64 bytes failed: Only part of a ReadProcessMemory or WriteProcessMemory request was completed. (0x12B)
[0608/214230:WARNING:pe_image_reader.cc(280)] could not read dos header from C:\Windows\system32\dwrite.dll
[0608/214230:ERROR:process_reader_win.cc(98)] process 5136 not found
[0608/214230:ERROR:process_reader_win.cc(232)] ReadMemory at 0x11fd1b4 of 12 bytes failed: Only part of a ReadProcessMemory or WriteProcessMemory request was completed. (0x12B)
[0608/214230:WARNING:process_snapshot_win.cc(96)] ReadMemory ExceptionInformation failed
[0608/214230:WARNING:crash_report_exception_handler.cc(60)] ProcessSnapshotWin::InitializeException failed
[0608/214230:ERROR:scoped_process_suspend.cc(38)] NtResumeProcess, ntstatus=-1073741558
